<?xml version="1.0" encoding="UTF-8"?>
<!-- Generated by org.testng.reporters.JUnitXMLReporter -->
<testsuite ignored="0" hostname="Bhagyashree" failures="0" tests="5" name="Test1" time="73.322" errors="0" timestamp="2024-05-20T11:34:15 IST">
  <testcase classname="BatchExecution.MakeMyTrip" name="makeMyTrip" time="16.028"/>
  <testcase classname="BatchExecutionFashion.Ajio" name="ajio" time="21.412"/>
  <testcase classname="BatchExecution.RedBus" name="redBus" time="21.6"/>
  <testcase classname="BatchExecutionFashion.Kalki" name="kalki" time="22.304"/>
  <testcase classname="BatchExecution.AbhiBus" name="abhiBus" time="73.229"/>
</testsuite> <!-- Test1 -->
