<?xml version="1.0" encoding="UTF-8"?>
<!-- Generated by org.testng.reporters.JUnitXMLReporter -->
<testsuite ignored="0" hostname="Bhagyashree" failures="0" tests="5" name="Test2" time="173.519" errors="0" timestamp="2024-05-20T11:37:09 IST">
  <testcase classname="BatchExecution.MakeMyTrip" name="makeMyTrip" time="21.494"/>
  <testcase classname="BatchExecutionFashion.Kalki" name="kalki" time="53.617"/>
  <testcase classname="BatchExecution.RedBus" name="redBus" time="58.316"/>
  <testcase classname="BatchExecutionFashion.Ajio" name="ajio" time="61.673"/>
  <testcase classname="BatchExecution.AbhiBus" name="abhiBus" time="173.503"/>
</testsuite> <!-- Test2 -->
